<?xml version="1.0" encoding="utf-8"?><testsuites><testsuite name="pytest" errors="0" failures="0" skipped="2" tests="15" time="1.384" timestamp="2025-06-04T18:37:26.214882+02:00" hostname="OLI-OMEN"><testcase classname="bumpversion" name="FLAKE8" time="0.000"><skipped type="pytest.skip" message="file(s) previously passed FLAKE8 checks">/media/olivier/ssd1T/dev/kairntech/pyprocessors_xcago_reconciliation/.tox/report/lib/python3.8/site-packages/pytest_flake8.py:124: file(s) previously passed FLAKE8 checks</skipped></testcase><testcase classname="src.pyprocessors_xcago_reconciliation.__init__" name="FLAKE8" time="0.055" /><testcase classname="src.pyprocessors_xcago_reconciliation.xcago_reconciliation" name="FLAKE8" time="0.161" /><testcase classname="tests.__init__" name="FLAKE8" time="0.001"><skipped type="pytest.skip" message="file(s) previously passed FLAKE8 checks">/media/olivier/ssd1T/dev/kairntech/pyprocessors_xcago_reconciliation/.tox/report/lib/python3.8/site-packages/pytest_flake8.py:124: file(s) previously passed FLAKE8 checks</skipped></testcase><testcase classname="tests.test_xcago_reconciliation" name="FLAKE8" time="0.140" /><testcase classname="tests.test_xcago_reconciliation" name="test_model" time="0.001" /><testcase classname="tests.test_xcago_reconciliation" name="test_xcago_reconciliation_whitelist" time="0.005" /><testcase classname="tests.test_xcago_reconciliation" name="test_x_cago_en" time="0.017" /><testcase classname="tests.test_xcago_reconciliation" name="test_x_cago_de" time="0.086" /><testcase classname="tests.test_xcago_reconciliation" name="test_SHERPA_2463" time="0.004" /><testcase classname="tests.test_xcago_reconciliation" name="test_SHERPA_XXX1" time="0.006" /><testcase classname="tests.test_xcago_reconciliation" name="test_SHERPA_XXX2" time="0.008" /><testcase classname="tests.test_xcago_reconciliation" name="test_SHERPA_XXX3" time="0.041" /><testcase classname="tests.test_xcago_reconciliation" name="test_SHERPA_XXX4" time="0.111" /><testcase classname="tests.test_xcago_reconciliation" name="test_SHERPA_XXX5" time="0.017" /></testsuite></testsuites>